{
  "C:\\Users\\camin\\Desktop\\PRUEBAS TÉCNICAS\\ecoDeliver Routes\\app\\loadEnvinronments.ts": {
    "path": "C:\\Users\\camin\\Desktop\\PRUEBAS TÉCNICAS\\ecoDeliver Routes\\app\\loadEnvinronments.ts",
    "statementMap": {
      "0": {
        "start": { "line": 1, "column": 0 },
        "end": { "line": 1, "column": 33 }
      },
      "1": {
        "start": { "line": 3, "column": 0 },
        "end": { "line": 3, "column": 16 }
      }
    },
    "fnMap": {},
    "branchMap": {},
    "s": { "0": 0, "1": 0 },
    "f": {},
    "b": {}
  },
  "C:\\Users\\camin\\Desktop\\PRUEBAS TÉCNICAS\\ecoDeliver Routes\\app\\getDirections\\getDirections.ts": {
    "path": "C:\\Users\\camin\\Desktop\\PRUEBAS TÉCNICAS\\ecoDeliver Routes\\app\\getDirections\\getDirections.ts",
    "statementMap": {
      "0": {
        "start": { "line": 1, "column": 0 },
        "end": { "line": 1, "column": 42 }
      },
      "1": {
        "start": { "line": 2, "column": 0 },
        "end": { "line": 2, "column": 32 }
      },
      "2": {
        "start": { "line": 3, "column": 0 },
        "end": { "line": 3, "column": 26 }
      },
      "3": {
        "start": { "line": 5, "column": 0 },
        "end": { "line": 5, "column": 63 }
      },
      "4": {
        "start": { "line": 6, "column": 0 },
        "end": { "line": 6, "column": 60 }
      },
      "5": {
        "start": { "line": 7, "column": 0 },
        "end": { "line": 7, "column": 69 }
      },
      "6": {
        "start": { "line": 9, "column": 13 },
        "end": { "line": 9, "column": 59 }
      },
      "7": {
        "start": { "line": 11, "column": 22 },
        "end": { "line": 51, "column": 1 }
      },
      "8": {
        "start": { "line": 14, "column": 2 },
        "end": { "line": 50, "column": null }
      },
      "9": {
        "start": { "line": 15, "column": 21 },
        "end": { "line": 16, "column": null }
      },
      "10": {
        "start": { "line": 19, "column": 25 },
        "end": { "line": 19, "column": 38 }
      },
      "11": {
        "start": { "line": 21, "column": 4 },
        "end": { "line": 21, "column": 24 }
      },
      "12": {
        "start": { "line": 23, "column": 28 },
        "end": { "line": 26, "column": null }
      },
      "13": {
        "start": { "line": 29, "column": 25 },
        "end": { "line": 32, "column": null }
      },
      "14": {
        "start": { "line": 35, "column": 23 },
        "end": { "line": 35, "column": 35 }
      },
      "15": {
        "start": { "line": 37, "column": 4 },
        "end": { "line": 47, "column": null }
      },
      "16": {
        "start": { "line": 38, "column": 21 },
        "end": { "line": 38, "column": 43 }
      },
      "17": {
        "start": { "line": 40, "column": 6 },
        "end": { "line": 42, "column": null }
      },
      "18": {
        "start": { "line": 41, "column": 8 },
        "end": { "line": 41, "column": 39 }
      },
      "19": {
        "start": { "line": 44, "column": 6 },
        "end": { "line": 44, "column": 43 }
      },
      "20": {
        "start": { "line": 46, "column": 6 },
        "end": { "line": 46, "column": 25 }
      },
      "21": {
        "start": { "line": 49, "column": 4 },
        "end": { "line": 49, "column": 23 }
      },
      "22": {
        "start": { "line": 53, "column": 0 },
        "end": { "line": 53, "column": 29 }
      }
    },
    "fnMap": {
      "0": {
        "name": "(anonymous_7)",
        "decl": {
          "start": { "line": 11, "column": 22 },
          "end": { "line": 11, "column": 27 }
        },
        "loc": {
          "start": { "line": 13, "column": 32 },
          "end": { "line": 51, "column": 1 }
        }
      }
    },
    "branchMap": {
      "0": {
        "loc": {
          "start": { "line": 37, "column": 4 },
          "end": { "line": 47, "column": null }
        },
        "type": "if",
        "locations": [
          {
            "start": { "line": 37, "column": 4 },
            "end": { "line": 47, "column": null }
          }
        ]
      },
      "1": {
        "loc": {
          "start": { "line": 40, "column": 6 },
          "end": { "line": 42, "column": null }
        },
        "type": "if",
        "locations": [
          {
            "start": { "line": 40, "column": 6 },
            "end": { "line": 42, "column": null }
          }
        ]
      }
    },
    "s": {
      "0": 0,
      "1": 0,
      "2": 0,
      "3": 0,
      "4": 0,
      "5": 0,
      "6": 0,
      "7": 0,
      "8": 0,
      "9": 0,
      "10": 0,
      "11": 0,
      "12": 0,
      "13": 0,
      "14": 0,
      "15": 0,
      "16": 0,
      "17": 0,
      "18": 0,
      "19": 0,
      "20": 0,
      "21": 0,
      "22": 0
    },
    "f": { "0": 0 },
    "b": { "0": [0], "1": [0] }
  },
  "C:\\Users\\camin\\Desktop\\PRUEBAS TÉCNICAS\\ecoDeliver Routes\\app\\mocks\\routeMock.ts": {
    "path": "C:\\Users\\camin\\Desktop\\PRUEBAS TÉCNICAS\\ecoDeliver Routes\\app\\mocks\\routeMock.ts",
    "statementMap": {
      "0": {
        "start": { "line": 1, "column": 13 },
        "end": { "line": 5, "column": 2 }
      }
    },
    "fnMap": {},
    "branchMap": {},
    "s": { "0": 0 },
    "f": {},
    "b": {}
  },
  "C:\\Users\\camin\\Desktop\\PRUEBAS TÉCNICAS\\ecoDeliver Routes\\app\\server\\CustomError\\CustomError.ts": {
    "path": "C:\\Users\\camin\\Desktop\\PRUEBAS TÉCNICAS\\ecoDeliver Routes\\app\\server\\CustomError\\CustomError.ts",
    "statementMap": {
      "0": {
        "start": { "line": 7, "column": 4 },
        "end": { "line": 7, "column": 19 }
      },
      "1": {
        "start": { "line": 4, "column": 11 },
        "end": { "line": 4, "column": 29 }
      },
      "2": {
        "start": { "line": 5, "column": 11 },
        "end": { "line": 5, "column": 33 }
      },
      "3": {
        "start": { "line": 9, "column": 4 },
        "end": { "line": 9, "column": 50 }
      },
      "4": {
        "start": { "line": 13, "column": 0 },
        "end": { "line": 13, "column": 27 }
      }
    },
    "fnMap": {
      "0": {
        "name": "(anonymous_0)",
        "decl": {
          "start": { "line": 2, "column": 2 },
          "end": { "line": 2, "column": null }
        },
        "loc": {
          "start": { "line": 5, "column": 33 },
          "end": { "line": 10, "column": 3 }
        }
      }
    },
    "branchMap": {
      "0": {
        "loc": {
          "start": { "line": 9, "column": 25 },
          "end": { "line": 9, "column": 49 }
        },
        "type": "binary-expr",
        "locations": [
          {
            "start": { "line": 9, "column": 25 },
            "end": { "line": 9, "column": 38 }
          },
          {
            "start": { "line": 9, "column": 42 },
            "end": { "line": 9, "column": 49 }
          }
        ]
      }
    },
    "s": { "0": 0, "1": 0, "2": 0, "3": 0, "4": 0 },
    "f": { "0": 0 },
    "b": { "0": [0, 0] }
  },
  "C:\\Users\\camin\\Desktop\\PRUEBAS TÉCNICAS\\ecoDeliver Routes\\app\\server\\utils\\messages\\messages.ts": {
    "path": "C:\\Users\\camin\\Desktop\\PRUEBAS TÉCNICAS\\ecoDeliver Routes\\app\\server\\utils\\messages\\messages.ts",
    "statementMap": {
      "0": {
        "start": { "line": 3, "column": 36 },
        "end": { "line": 7, "column": 2 }
      },
      "1": {
        "start": { "line": 9, "column": 0 },
        "end": { "line": 9, "column": 24 }
      }
    },
    "fnMap": {},
    "branchMap": {},
    "s": { "0": 0, "1": 0 },
    "f": {},
    "b": {}
  },
  "C:\\Users\\camin\\Desktop\\PRUEBAS TÉCNICAS\\ecoDeliver Routes\\app\\server\\utils\\statusCodes\\statusCodes.ts": {
    "path": "C:\\Users\\camin\\Desktop\\PRUEBAS TÉCNICAS\\ecoDeliver Routes\\app\\server\\utils\\statusCodes\\statusCodes.ts",
    "statementMap": {
      "0": {
        "start": { "line": 3, "column": 37 },
        "end": { "line": 6, "column": 2 }
      },
      "1": {
        "start": { "line": 8, "column": 0 },
        "end": { "line": 8, "column": 27 }
      }
    },
    "fnMap": {},
    "branchMap": {},
    "s": { "0": 0, "1": 0 },
    "f": {},
    "b": {}
  }
}
